<?xml version="1.0" encoding="UTF-8"?>
<testsuite name="com.example.kidzworld.KidzworldApplicationTests" tests="1" skipped="0" failures="0" errors="0" timestamp="2024-12-09T18:35:17" hostname="AYUSH-IDEAPAD" time="0.95">
  <properties/>
  <testcase name="contextLoads()" classname="com.example.kidzworld.KidzworldApplicationTests" time="0.95"/>
  <system-out><![CDATA[00:05:14.829 [Test worker] INFO org.springframework.test.context.support.AnnotationConfigContextLoaderUtils -- Could not detect default configuration classes for test class [com.example.kidzworld.KidzworldApplicationTests]: KidzworldApplicationTests does not declare any static, non-private, non-final, nested classes annotated with @Configuration.
00:05:14.966 [Test worker] INFO org.springframework.boot.test.context.SpringBootTestContextBootstrapper -- Found @SpringBootConfiguration com.example.kidzworld.KidzworldApplication for test class com.example.kidzworld.KidzworldApplicationTests

  .   ____          _            __ _ _
 /\\ / ___'_ __ _ _(_)_ __  __ _ \ \ \ \
( ( )\___ | '_ | '_| | '_ \/ _` | \ \ \ \
 \\/  ___)| |_)| | | | | || (_| |  ) ) ) )
  '  |____| .__|_| |_|_| |_\__, | / / / /
 =========|_|==============|___/=/_/_/_/

 :: Spring Boot ::                (v3.4.0)

2024-12-10T00:05:15.373+05:30  INFO 17908 --- [kidzworld] [    Test worker] c.e.kidzworld.KidzworldApplicationTests  : Starting KidzworldApplicationTests using Java 23 with PID 17908 (started by Lenovo in C:\Users\Lenovo\Downloads\kidzworld\kidzworld)
2024-12-10T00:05:15.373+05:30  INFO 17908 --- [kidzworld] [    Test worker] c.e.kidzworld.KidzworldApplicationTests  : No active profile set, falling back to 1 default profile: "default"
2024-12-10T00:05:16.051+05:30  INFO 17908 --- [kidzworld] [    Test worker] .s.d.r.c.RepositoryConfigurationDelegate : Bootstrapping Spring Data MongoDB repositories in DEFAULT mode.
2024-12-10T00:05:16.108+05:30  INFO 17908 --- [kidzworld] [    Test worker] .s.d.r.c.RepositoryConfigurationDelegate : Finished Spring Data repository scanning in 52 ms. Found 2 MongoDB repository interfaces.
2024-12-10T00:05:16.578+05:30  INFO 17908 --- [kidzworld] [    Test worker] org.mongodb.driver.client                : MongoClient with metadata {"application": {"name": "Cluster0"}, "driver": {"name": "mongo-java-driver|sync|spring-boot", "version": "5.2.1"}, "os": {"type": "Windows", "name": "Windows 11", "architecture": "amd64", "version": "10.0"}, "platform": "Java/Oracle Corporation/23+37-2369"} created with settings MongoClientSettings{readPreference=primary, writeConcern=WriteConcern{w=majority, wTimeout=null ms, journal=null}, retryWrites=true, retryReads=true, readConcern=ReadConcern{level=null}, credential=MongoCredential{mechanism=null, userName='ayushghodke', source='admin', password=<hidden>, mechanismProperties=<hidden>}, transportSettings=null, commandListeners=[], codecRegistry=ProvidersCodecRegistry{codecProviders=[ValueCodecProvider{}, BsonValueCodecProvider{}, DBRefCodecProvider{}, DBObjectCodecProvider{}, DocumentCodecProvider{}, CollectionCodecProvider{}, IterableCodecProvider{}, MapCodecProvider{}, GeoJsonCodecProvider{}, GridFSFileCodecProvider{}, Jsr310CodecProvider{}, JsonObjectCodecProvider{}, BsonCodecProvider{}, EnumCodecProvider{}, com.mongodb.client.model.mql.ExpressionCodecProvider@2f9dda71, com.mongodb.Jep395RecordCodecProvider@58278366, com.mongodb.KotlinCodecProvider@7f5fcfe9]}, loggerSettings=LoggerSettings{maxDocumentLength=1000}, clusterSettings={hosts=[127.0.0.1:27017], srvHost=cluster0.ljutn.mongodb.net, srvServiceName=mongodb, mode=MULTIPLE, requiredClusterType=REPLICA_SET, requiredReplicaSetName='atlas-1hpucb-shard-0', serverSelector='null', clusterListeners='[]', serverSelectionTimeout='30000 ms', localThreshold='15 ms'}, socketSettings=SocketSettings{connectTimeoutMS=10000, readTimeoutMS=0, receiveBufferSize=0, proxySettings=ProxySettings{host=null, port=null, username=null, password=null}}, heartbeatSocketSettings=SocketSettings{connectTimeoutMS=10000, readTimeoutMS=10000, receiveBufferSize=0, proxySettings=ProxySettings{host=null, port=null, username=null, password=null}}, connectionPoolSettings=ConnectionPoolSettings{maxSize=100, minSize=0, maxWaitTimeMS=120000, maxConnectionLifeTimeMS=0, maxConnectionIdleTimeMS=0, maintenanceInitialDelayMS=0, maintenanceFrequencyMS=60000, connectionPoolListeners=[], maxConnecting=2}, serverSettings=ServerSettings{heartbeatFrequencyMS=10000, minHeartbeatFrequencyMS=500, serverMonitoringMode=AUTO, serverListeners='[]', serverMonitorListeners='[]'}, sslSettings=SslSettings{enabled=true, invalidHostNameAllowed=false, context=null}, applicationName='Cluster0', compressorList=[], uuidRepresentation=JAVA_LEGACY, serverApi=null, autoEncryptionSettings=null, dnsClient=null, inetAddressResolver=null, contextProvider=null, timeoutMS=null}
2024-12-10T00:05:16.610+05:30  INFO 17908 --- [kidzworld] [utn.mongodb.net] org.mongodb.driver.cluster               : Adding discovered server cluster0-shard-00-02.ljutn.mongodb.net:27017 to client view of cluster
2024-12-10T00:05:16.642+05:30  INFO 17908 --- [kidzworld] [utn.mongodb.net] org.mongodb.driver.cluster               : Adding discovered server cluster0-shard-00-00.ljutn.mongodb.net:27017 to client view of cluster
2024-12-10T00:05:16.642+05:30  INFO 17908 --- [kidzworld] [utn.mongodb.net] org.mongodb.driver.cluster               : Adding discovered server cluster0-shard-00-01.ljutn.mongodb.net:27017 to client view of cluster
2024-12-10T00:05:17.053+05:30  WARN 17908 --- [kidzworld] [    Test worker] .s.s.UserDetailsServiceAutoConfiguration : 

Using generated security password: 26ff50f6-6ae1-44eb-a303-35f08d3ec7f9

This generated password is for development use only. Your security configuration must be updated before running your application in production.

2024-12-10T00:05:17.061+05:30  INFO 17908 --- [kidzworld] [    Test worker] r$InitializeUserDetailsManagerConfigurer : Global AuthenticationManager configured with UserDetailsService bean with name inMemoryUserDetailsManager
2024-12-10T00:05:17.348+05:30  INFO 17908 --- [kidzworld] [ngodb.net:27017] org.mongodb.driver.cluster               : Monitor thread successfully connected to server with description ServerDescription{address=cluster0-shard-00-02.ljutn.mongodb.net:27017, type=REPLICA_SET_PRIMARY, cryptd=false, state=CONNECTED, ok=true, minWireVersion=0, maxWireVersion=25, maxDocumentSize=16777216, logicalSessionTimeoutMinutes=30, roundTripTimeNanos=385668800, minRoundTripTimeNanos=0, setName='atlas-1hpucb-shard-0', canonicalAddress=cluster0-shard-00-02.ljutn.mongodb.net:27017, hosts=[cluster0-shard-00-00.ljutn.mongodb.net:27017, cluster0-shard-00-01.ljutn.mongodb.net:27017, cluster0-shard-00-02.ljutn.mongodb.net:27017], passives=[], arbiters=[], primary='cluster0-shard-00-02.ljutn.mongodb.net:27017', tagSet=TagSet{[Tag{name='availabilityZone', value='aps1-az2'}, Tag{name='diskState', value='READY'}, Tag{name='nodeType', value='ELECTABLE'}, Tag{name='provider', value='AWS'}, Tag{name='region', value='AP_SOUTH_1'}, Tag{name='workloadType', value='OPERATIONAL'}]}, electionId=7fffffff00000000000000c7, setVersion=212, topologyVersion=TopologyVersion{processId=67566bbbf3202f751e631381, counter=9}, lastWriteDate=Tue Dec 10 00:05:16 IST 2024, lastUpdateTimeNanos=295229196952700}
2024-12-10T00:05:17.348+05:30  INFO 17908 --- [kidzworld] [ngodb.net:27017] org.mongodb.driver.cluster               : Monitor thread successfully connected to server with description ServerDescription{address=cluster0-shard-00-01.ljutn.mongodb.net:27017, type=REPLICA_SET_SECONDARY, cryptd=false, state=CONNECTED, ok=true, minWireVersion=0, maxWireVersion=25, maxDocumentSize=16777216, logicalSessionTimeoutMinutes=30, roundTripTimeNanos=343017700, minRoundTripTimeNanos=0, setName='atlas-1hpucb-shard-0', canonicalAddress=cluster0-shard-00-01.ljutn.mongodb.net:27017, hosts=[cluster0-shard-00-00.ljutn.mongodb.net:27017, cluster0-shard-00-01.ljutn.mongodb.net:27017, cluster0-shard-00-02.ljutn.mongodb.net:27017], passives=[], arbiters=[], primary='cluster0-shard-00-02.ljutn.mongodb.net:27017', tagSet=TagSet{[Tag{name='availabilityZone', value='aps1-az3'}, Tag{name='diskState', value='READY'}, Tag{name='nodeType', value='ELECTABLE'}, Tag{name='provider', value='AWS'}, Tag{name='region', value='AP_SOUTH_1'}, Tag{name='workloadType', value='OPERATIONAL'}]}, electionId=null, setVersion=212, topologyVersion=TopologyVersion{processId=67566e00b1a322934ff000c9, counter=5}, lastWriteDate=Tue Dec 10 00:05:16 IST 2024, lastUpdateTimeNanos=295229196952700}
2024-12-10T00:05:17.348+05:30  INFO 17908 --- [kidzworld] [ngodb.net:27017] org.mongodb.driver.cluster               : Monitor thread successfully connected to server with description ServerDescription{address=cluster0-shard-00-00.ljutn.mongodb.net:27017, type=REPLICA_SET_SECONDARY, cryptd=false, state=CONNECTED, ok=true, minWireVersion=0, maxWireVersion=25, maxDocumentSize=16777216, logicalSessionTimeoutMinutes=30, roundTripTimeNanos=323845400, minRoundTripTimeNanos=0, setName='atlas-1hpucb-shard-0', canonicalAddress=cluster0-shard-00-00.ljutn.mongodb.net:27017, hosts=[cluster0-shard-00-00.ljutn.mongodb.net:27017, cluster0-shard-00-01.ljutn.mongodb.net:27017, cluster0-shard-00-02.ljutn.mongodb.net:27017], passives=[], arbiters=[], primary='cluster0-shard-00-02.ljutn.mongodb.net:27017', tagSet=TagSet{[Tag{name='availabilityZone', value='aps1-az1'}, Tag{name='diskState', value='READY'}, Tag{name='nodeType', value='ELECTABLE'}, Tag{name='provider', value='AWS'}, Tag{name='region', value='AP_SOUTH_1'}, Tag{name='workloadType', value='OPERATIONAL'}]}, electionId=null, setVersion=212, topologyVersion=TopologyVersion{processId=67566c988747c246db72a132, counter=5}, lastWriteDate=Tue Dec 10 00:05:16 IST 2024, lastUpdateTimeNanos=295229196952700}
2024-12-10T00:05:17.354+05:30  INFO 17908 --- [kidzworld] [ngodb.net:27017] org.mongodb.driver.cluster               : Discovered replica set primary cluster0-shard-00-02.ljutn.mongodb.net:27017 with max election id 7fffffff00000000000000c7 and max set version 212
2024-12-10T00:05:17.785+05:30  INFO 17908 --- [kidzworld] [    Test worker] c.e.kidzworld.KidzworldApplicationTests  : Started KidzworldApplicationTests in 2.656 seconds (process running for 3.933)
]]></system-out>
  <system-err><![CDATA[Mockito is currently self-attaching to enable the inline-mock-maker. This will no longer work in future releases of the JDK. Please add Mockito as an agent to your build what is described in Mockito's documentation: https://javadoc.io/doc/org.mockito/mockito-core/latest/org/mockito/Mockito.html#0.3
WARNING: A Java agent has been loaded dynamically (C:\Users\Lenovo\.gradle\caches\modules-2\files-2.1\net.bytebuddy\byte-buddy-agent\1.15.10\e8eb255b2c378b9a6c7341e7b0e12f0a5636377\byte-buddy-agent-1.15.10.jar)
WARNING: If a serviceability tool is in use, please run with -XX:+EnableDynamicAgentLoading to hide this warning
WARNING: If a serviceability tool is not in use, please run with -Djdk.instrument.traceUsage for more information
WARNING: Dynamic loading of agents will be disallowed by default in a future release
]]></system-err>
</testsuite>
